app/build/intermediates/manifest_merge_blame_file/debug/manifest-merger-blame-debug-report.txt
1<?xml version="1.0" encoding="utf-8"?>
2<manifest xmlns:android="http://schemas.android.com/apk/res/android"
3    package="ca.yorku.eecs.mack.democamera"
4    android:versionCode="1"
5    android:versionName="1.0" >
6
7    <uses-sdk
8        android:minSdkVersion="14"
8-->src\main\AndroidManifest.xml
9        android:targetSdkVersion="28" />
9-->src\main\AndroidManifest.xml
10
11    <meta-data
11-->src\main\AndroidManifest.xml:6:5-7:46
12        android:name="android.app.searchable"
12-->src\main\AndroidManifest.xml:6:16-53
13        android:resource="@xml/searchable" />
13-->src\main\AndroidManifest.xml:7:9-43
14
15    <uses-permission android:name="android.permission.CAMERA" />
15-->src\main\AndroidManifest.xml:8:5-64
15-->src\main\AndroidManifest.xml:8:22-62
16    <uses-permission android:name="android.permission.WRITE_EXTERNAL_STORAGE" />
16-->src\main\AndroidManifest.xml:9:5-80
16-->src\main\AndroidManifest.xml:9:22-78
17
18    <uses-feature android:name="android.hardware.camera" />
18-->src\main\AndroidManifest.xml:10:5-59
18-->src\main\AndroidManifest.xml:10:19-57
19
20    <application
20-->src\main\AndroidManifest.xml:12:5-41:19
21        android:allowBackup="false"
21-->src\main\AndroidManifest.xml:13:9-36
22        android:debuggable="true"
23        android:icon="@drawable/icon"
23-->src\main\AndroidManifest.xml:14:9-38
24        android:label="@string/app_name" >
24-->src\main\AndroidManifest.xml:15:9-41
25        <activity
25-->src\main\AndroidManifest.xml:16:9-25:20
26            android:name="ca.yorku.eecs.mack.democamera71179.QueryGallery"
26-->src\main\AndroidManifest.xml:17:13-75
27            android:configChanges="orientation|screenSize"
27-->src\main\AndroidManifest.xml:18:13-59
28            android:label="@string/app_name" >
28-->src\main\AndroidManifest.xml:19:13-45
29            <intent-filter>
29-->src\main\AndroidManifest.xml:20:13-24:29
30                <action android:name="android.intent.action.MAIN" />
30-->src\main\AndroidManifest.xml:21:17-68
30-->src\main\AndroidManifest.xml:21:25-66
31                <action android:name="android.intent.action.VIEW" />
31-->src\main\AndroidManifest.xml:22:17-69
31-->src\main\AndroidManifest.xml:22:25-66
32
33                <category android:name="android.intent.category.LAUNCHER" />
33-->src\main\AndroidManifest.xml:23:17-76
33-->src\main\AndroidManifest.xml:23:27-74
34            </intent-filter>
35        </activity>
36        <activity android:name="ca.yorku.eecs.mack.democamera71179.ImageGridViewActivity" >
36-->src\main\AndroidManifest.xml:26:9-30:20
36-->src\main\AndroidManifest.xml:26:19-90
37            <intent-filter>
37-->src\main\AndroidManifest.xml:27:13-29:29
38                <action android:name="android.intent.action.SEARCH" />
38-->src\main\AndroidManifest.xml:28:17-71
38-->src\main\AndroidManifest.xml:28:25-68
39            </intent-filter>
40        </activity>
41        <activity android:name="ca.yorku.eecs.mack.democamera71179.ImageViewerActivity" >
41-->src\main\AndroidManifest.xml:31:9-32:20
41-->src\main\AndroidManifest.xml:31:19-88
42        </activity>
43        <activity android:name="ca.yorku.eecs.mack.democamera71179.FindThisImage" />
43-->src\main\AndroidManifest.xml:33:9-94
43-->src\main\AndroidManifest.xml:33:19-82
44        <activity android:name="ca.yorku.eecs.mack.democamera71179.TestInstructions" />
44-->src\main\AndroidManifest.xml:34:9-97
44-->src\main\AndroidManifest.xml:34:19-85
45        <activity android:name="ca.yorku.eecs.mack.democamera71179.ResultsPage" />
45-->src\main\AndroidManifest.xml:35:9-92
45-->src\main\AndroidManifest.xml:35:19-80
46        <!--
47    <activity android:name=".SearchResultsActivity"  >
48        <intent-filter>
49            <action android:name="android.intent.action.SEARCH" />
50        </intent-filter>
51    </activity>
52        -->
53        <service
53-->[androidx.room:room-runtime:2.2.6] AndroidManifest.xml:25:9-28:40
54            android:name="androidx.room.MultiInstanceInvalidationService"
54-->[androidx.room:room-runtime:2.2.6] AndroidManifest.xml:26:13-74
55            android:directBootAware="true"
55-->[androidx.room:room-runtime:2.2.6] AndroidManifest.xml:27:13-43
56            android:exported="false" />
56-->[androidx.room:room-runtime:2.2.6] AndroidManifest.xml:28:13-37
57    </application>
58
59</manifest>